{"message":"Preferences loaded from /home/kenielf/.config/pomotroid/user-preferences.json","level":"info","hostname":"insparch","timestamp":"2021-07-12T10:01:51.359Z"}
{"message":"app ready","level":"info","hostname":"insparch","timestamp":"2021-07-12T10:01:51.518Z"}
{"message":"Registering shortcut for call-timer-toggle: Control+F1","level":"info","hostname":"insparch","timestamp":"2021-07-12T10:01:51.699Z"}
{"message":"Registering shortcut for call-timer-reset: Control+F2","level":"info","hostname":"insparch","timestamp":"2021-07-12T10:01:51.704Z"}
{"message":"Registering shortcut for call-timer-skip: Control+F3","level":"info","hostname":"insparch","timestamp":"2021-07-12T10:01:51.707Z"}
{"message":"Preferences loaded from /home/kenielf/.config/pomotroid/user-preferences.json","level":"info","hostname":"insparch","timestamp":"2021-07-12T10:01:52.387Z"}
{"message":"quitting app...","level":"info","hostname":"insparch","timestamp":"2021-07-12T10:01:58.615Z"}
{"message":"Preferences loaded from /home/kenielf/.config/pomotroid/user-preferences.json","level":"info","hostname":"insparch","timestamp":"2021-07-12T12:16:25.250Z"}
{"message":"app ready","level":"info","hostname":"insparch","timestamp":"2021-07-12T12:16:25.391Z"}
{"message":"Registering shortcut for call-timer-toggle: Control+F1","level":"info","hostname":"insparch","timestamp":"2021-07-12T12:16:25.546Z"}
{"message":"Registering shortcut for call-timer-reset: Control+F2","level":"info","hostname":"insparch","timestamp":"2021-07-12T12:16:25.548Z"}
{"message":"Registering shortcut for call-timer-skip: Control+F3","level":"info","hostname":"insparch","timestamp":"2021-07-12T12:16:25.549Z"}
{"message":"Preferences loaded from /home/kenielf/.config/pomotroid/user-preferences.json","level":"info","hostname":"insparch","timestamp":"2021-07-12T12:16:26.072Z"}
{"message":"quitting app...","level":"info","hostname":"insparch","timestamp":"2021-07-12T12:17:15.349Z"}
{"message":"Preferences loaded from /home/kenielf/.config/pomotroid/user-preferences.json","level":"info","hostname":"insparch","timestamp":"2021-07-12T12:19:47.994Z"}
{"message":"app ready","level":"info","hostname":"insparch","timestamp":"2021-07-12T12:19:48.168Z"}
{"message":"Registering shortcut for call-timer-toggle: Control+F1","level":"info","hostname":"insparch","timestamp":"2021-07-12T12:19:48.314Z"}
{"message":"Registering shortcut for call-timer-reset: Control+F2","level":"info","hostname":"insparch","timestamp":"2021-07-12T12:19:48.320Z"}
{"message":"Registering shortcut for call-timer-skip: Control+F3","level":"info","hostname":"insparch","timestamp":"2021-07-12T12:19:48.321Z"}
{"message":"Preferences loaded from /home/kenielf/.config/pomotroid/user-preferences.json","level":"info","hostname":"insparch","timestamp":"2021-07-12T12:19:49.239Z"}
{"message":"quitting app...","level":"info","hostname":"insparch","timestamp":"2021-07-12T12:19:52.128Z"}
{"message":"Preferences loaded from /home/kenielf/.config/pomotroid/user-preferences.json","level":"info","hostname":"insparch","timestamp":"2021-07-12T22:14:10.970Z"}
{"message":"app ready","level":"info","hostname":"insparch","timestamp":"2021-07-12T22:14:11.135Z"}
{"message":"Registering shortcut for call-timer-toggle: Control+F1","level":"info","hostname":"insparch","timestamp":"2021-07-12T22:14:11.333Z"}
{"message":"Registering shortcut for call-timer-reset: Control+F2","level":"info","hostname":"insparch","timestamp":"2021-07-12T22:14:11.343Z"}
{"message":"Registering shortcut for call-timer-skip: Control+F3","level":"info","hostname":"insparch","timestamp":"2021-07-12T22:14:11.343Z"}
{"message":"Preferences loaded from /home/kenielf/.config/pomotroid/user-preferences.json","level":"info","hostname":"insparch","timestamp":"2021-07-12T22:14:11.949Z"}
{"message":"quitting app...","level":"info","hostname":"insparch","timestamp":"2021-07-12T22:14:16.720Z"}
